DEBUG:root:Trainer initialized
DEBUG:root:Train subset name: crossval-CHUM-training
DEBUG:root:Validation subset name: crossval-CHUM-validation
DEBUG:root:Run name: trial-run
DEBUG:root:Epoch 1
DEBUG:root:Training ...
  0%|          | 0/2320 [00:00<?, ?it/s]  0%|          | 0/2320 [00:01<?, ?it/s]
DEBUG:root:Validating ...
  0%|          | 0/56 [00:00<?, ?it/s]  2%|▏         | 1/56 [00:01<01:37,  1.77s/it]  4%|▎         | 2/56 [00:03<01:35,  1.76s/it]  5%|▌         | 3/56 [00:05<01:33,  1.76s/it]  7%|▋         | 4/56 [00:07<01:31,  1.75s/it]  9%|▉         | 5/56 [00:08<01:29,  1.75s/it]/rwthfs/rz/cluster/home/zk315372/Chinmay/Git/HN-tumour-segmentation/inferutils/metrics.py:11: RuntimeWarning: invalid value encountered in double_scalars
  dice_score = 2 * intersection / (np.sum(pred_label_volume) + np.sum(target_label_volume))
 11%|█         | 6/56 [00:10<01:27,  1.75s/it] 12%|█▎        | 7/56 [00:12<01:25,  1.75s/it] 14%|█▍        | 8/56 [00:14<01:24,  1.75s/it] 16%|█▌        | 9/56 [00:15<01:22,  1.75s/it] 18%|█▊        | 10/56 [00:17<01:20,  1.75s/it] 20%|█▉        | 11/56 [00:19<01:18,  1.75s/it] 21%|██▏       | 12/56 [00:21<01:17,  1.75s/it] 23%|██▎       | 13/56 [00:22<01:15,  1.76s/it] 25%|██▌       | 14/56 [00:24<01:13,  1.76s/it] 27%|██▋       | 15/56 [00:26<01:12,  1.76s/it] 29%|██▊       | 16/56 [00:28<01:10,  1.76s/it] 30%|███       | 17/56 [00:29<01:08,  1.76s/it] 32%|███▏      | 18/56 [00:31<01:06,  1.76s/it] 34%|███▍      | 19/56 [00:33<01:05,  1.76s/it] 36%|███▌      | 20/56 [00:35<01:03,  1.76s/it] 38%|███▊      | 21/56 [00:36<01:01,  1.76s/it] 39%|███▉      | 22/56 [00:38<00:59,  1.76s/it] 41%|████      | 23/56 [00:40<00:58,  1.76s/it] 43%|████▎     | 24/56 [00:42<00:56,  1.76s/it] 45%|████▍     | 25/56 [00:43<00:54,  1.76s/it] 46%|████▋     | 26/56 [00:45<00:52,  1.76s/it] 48%|████▊     | 27/56 [00:47<00:51,  1.76s/it] 50%|█████     | 28/56 [00:49<00:49,  1.76s/it] 52%|█████▏    | 29/56 [00:50<00:47,  1.76s/it] 54%|█████▎    | 30/56 [00:52<00:46,  1.78s/it] 55%|█████▌    | 31/56 [00:54<00:44,  1.77s/it] 57%|█████▋    | 32/56 [00:56<00:42,  1.77s/it] 59%|█████▉    | 33/56 [00:58<00:40,  1.77s/it] 61%|██████    | 34/56 [00:59<00:38,  1.77s/it] 62%|██████▎   | 35/56 [01:01<00:37,  1.77s/it] 64%|██████▍   | 36/56 [01:03<00:35,  1.76s/it] 66%|██████▌   | 37/56 [01:05<00:33,  1.76s/it] 68%|██████▊   | 38/56 [01:06<00:31,  1.76s/it] 70%|██████▉   | 39/56 [01:08<00:29,  1.76s/it] 71%|███████▏  | 40/56 [01:10<00:28,  1.76s/it] 73%|███████▎  | 41/56 [01:12<00:26,  1.76s/it] 75%|███████▌  | 42/56 [01:13<00:24,  1.76s/it] 77%|███████▋  | 43/56 [01:15<00:22,  1.76s/it] 79%|███████▊  | 44/56 [01:17<00:21,  1.76s/it] 80%|████████  | 45/56 [01:19<00:19,  1.76s/it] 82%|████████▏ | 46/56 [01:20<00:17,  1.76s/it] 84%|████████▍ | 47/56 [01:22<00:15,  1.76s/it] 86%|████████▌ | 48/56 [01:24<00:14,  1.76s/it] 88%|████████▊ | 49/56 [01:26<00:12,  1.76s/it] 89%|████████▉ | 50/56 [01:27<00:10,  1.76s/it] 91%|█████████ | 51/56 [01:29<00:08,  1.76s/it] 93%|█████████▎| 52/56 [01:31<00:07,  1.76s/it] 95%|█████████▍| 53/56 [01:33<00:05,  1.76s/it] 96%|█████████▋| 54/56 [01:34<00:03,  1.76s/it] 98%|█████████▊| 55/56 [01:36<00:01,  1.76s/it]100%|██████████| 56/56 [01:38<00:00,  1.76s/it]100%|██████████| 56/56 [01:38<00:00,  1.76s/it]
DEBUG:root:Training loss: 0.0003084658805666299
DEBUG:root:Validation loss: 0.6952489885900702
DEBUG:root:Validation dice: nan
DEBUG:root:
DEBUG:root:
DEBUG:root:Epoch 2
DEBUG:root:Training ...
  0%|          | 0/2320 [00:00<?, ?it/s]  0%|          | 0/2320 [00:01<?, ?it/s]
DEBUG:root:Validating ...
  0%|          | 0/56 [00:00<?, ?it/s]  2%|▏         | 1/56 [00:01<01:37,  1.76s/it]  4%|▎         | 2/56 [00:03<01:35,  1.76s/it]  5%|▌         | 3/56 [00:05<01:33,  1.76s/it]  7%|▋         | 4/56 [00:07<01:31,  1.76s/it]  9%|▉         | 5/56 [00:08<01:30,  1.78s/it] 11%|█         | 6/56 [00:10<01:28,  1.78s/it] 12%|█▎        | 7/56 [00:12<01:26,  1.77s/it] 14%|█▍        | 8/56 [00:14<01:25,  1.77s/it] 16%|█▌        | 9/56 [00:15<01:23,  1.77s/it] 18%|█▊        | 10/56 [00:17<01:21,  1.76s/it] 20%|█▉        | 11/56 [00:19<01:19,  1.76s/it] 21%|██▏       | 12/56 [00:21<01:19,  1.80s/it] 23%|██▎       | 13/56 [00:23<01:16,  1.79s/it] 25%|██▌       | 14/56 [00:24<01:14,  1.78s/it] 27%|██▋       | 15/56 [00:26<01:12,  1.77s/it] 29%|██▊       | 16/56 [00:28<01:10,  1.77s/it] 30%|███       | 17/56 [00:30<01:08,  1.77s/it] 32%|███▏      | 18/56 [00:31<01:07,  1.77s/it] 34%|███▍      | 19/56 [00:33<01:05,  1.77s/it] 36%|███▌      | 20/56 [00:35<01:03,  1.77s/it] 38%|███▊      | 21/56 [00:37<01:01,  1.77s/it] 39%|███▉      | 22/56 [00:38<01:00,  1.77s/it] 41%|████      | 23/56 [00:40<00:58,  1.77s/it] 43%|████▎     | 24/56 [00:42<00:56,  1.77s/it] 45%|████▍     | 25/56 [00:44<00:54,  1.77s/it] 46%|████▋     | 26/56 [00:46<00:52,  1.77s/it] 48%|████▊     | 27/56 [00:47<00:51,  1.76s/it] 50%|█████     | 28/56 [00:49<00:49,  1.76s/it] 52%|█████▏    | 29/56 [00:51<00:47,  1.76s/it] 54%|█████▎    | 30/56 [00:53<00:45,  1.76s/it] 55%|█████▌    | 31/56 [00:54<00:43,  1.76s/it] 57%|█████▋    | 32/56 [00:56<00:42,  1.78s/it] 59%|█████▉    | 33/56 [00:58<00:40,  1.77s/it] 61%|██████    | 34/56 [01:00<00:38,  1.77s/it] 62%|██████▎   | 35/56 [01:01<00:37,  1.77s/it] 64%|██████▍   | 36/56 [01:03<00:35,  1.76s/it] 66%|██████▌   | 37/56 [01:05<00:33,  1.76s/it] 68%|██████▊   | 38/56 [01:07<00:31,  1.76s/it] 70%|██████▉   | 39/56 [01:08<00:29,  1.76s/it] 71%|███████▏  | 40/56 [01:10<00:28,  1.76s/it] 73%|███████▎  | 41/56 [01:12<00:26,  1.78s/it] 75%|███████▌  | 42/56 [01:14<00:24,  1.77s/it] 77%|███████▋  | 43/56 [01:16<00:23,  1.77s/it] 79%|███████▊  | 44/56 [01:17<00:21,  1.77s/it] 80%|████████  | 45/56 [01:19<00:19,  1.77s/it] 82%|████████▏ | 46/56 [01:21<00:17,  1.77s/it] 84%|████████▍ | 47/56 [01:23<00:15,  1.76s/it] 86%|████████▌ | 48/56 [01:24<00:14,  1.76s/it] 88%|████████▊ | 49/56 [01:26<00:12,  1.76s/it] 89%|████████▉ | 50/56 [01:28<00:10,  1.76s/it] 91%|█████████ | 51/56 [01:30<00:08,  1.76s/it] 93%|█████████▎| 52/56 [01:31<00:07,  1.76s/it] 95%|█████████▍| 53/56 [01:33<00:05,  1.76s/it] 96%|█████████▋| 54/56 [01:35<00:03,  1.76s/it] 98%|█████████▊| 55/56 [01:37<00:01,  1.76s/it]100%|██████████| 56/56 [01:38<00:00,  1.76s/it]100%|██████████| 56/56 [01:38<00:00,  1.77s/it]
DEBUG:root:Training loss: 0.00023300231530748564
DEBUG:root:Validation loss: 0.6853018599961486
DEBUG:root:Validation dice: nan
DEBUG:root:
DEBUG:root:
DEBUG:root:Epoch 3
DEBUG:root:Training ...
  0%|          | 0/2320 [00:00<?, ?it/s]  0%|          | 0/2320 [00:01<?, ?it/s]
DEBUG:root:Validating ...
  0%|          | 0/56 [00:00<?, ?it/s]  2%|▏         | 1/56 [00:01<01:37,  1.76s/it]  2%|▏         | 1/56 [00:01<01:39,  1.80s/it]
Traceback (most recent call last):
  File "/home/zk315372/Chinmay/maastro_env/lib64/python3.6/site-packages/SimpleITK/SimpleITK.py", line 3709, in <lambda>
    __setattr__ = lambda self, name, value: _swig_setattr(self, Image, name, value)
KeyboardInterrupt

The above exception was the direct cause of the following exception:

Traceback (most recent call last):
  File "/home/zk315372/Chinmay/Git/HN-tumour-segmentation/training_script.py", line 97, in <module>
    main(global_config)
  File "/home/zk315372/Chinmay/Git/HN-tumour-segmentation/training_script.py", line 90, in main
    trainer.run_training()
  File "/rwthfs/rz/cluster/home/zk315372/Chinmay/Git/HN-tumour-segmentation/trainutils/trainer.py", line 117, in run_training
    for patient_dict in tqdm(self.val_volume_loader):
  File "/home/zk315372/Chinmay/maastro_env/lib64/python3.6/site-packages/tqdm/std.py", line 1133, in __iter__
    for obj in iterable:
  File "/home/zk315372/Chinmay/maastro_env/lib64/python3.6/site-packages/torch/utils/data/dataloader.py", line 363, in __next__
    data = self._next_data()
  File "/home/zk315372/Chinmay/maastro_env/lib64/python3.6/site-packages/torch/utils/data/dataloader.py", line 403, in _next_data
    data = self._dataset_fetcher.fetch(index)  # may raise StopIteration
  File "/home/zk315372/Chinmay/maastro_env/lib64/python3.6/site-packages/torch/utils/data/_utils/fetch.py", line 44, in fetch
    data = [self.dataset[idx] for idx in possibly_batched_index]
  File "/home/zk315372/Chinmay/maastro_env/lib64/python3.6/site-packages/torch/utils/data/_utils/fetch.py", line 44, in <listcomp>
    data = [self.dataset[idx] for idx in possibly_batched_index]
  File "/rwthfs/rz/cluster/home/zk315372/Chinmay/Git/HN-tumour-segmentation/datasets/hecktor_unimodal_dataset.py", line 91, in __getitem__
    input_image_sitk = sitk.ReadImage(f"{self.data_dir}/{p_id}_pt.nii.gz")
  File "/home/zk315372/Chinmay/maastro_env/lib64/python3.6/site-packages/SimpleITK/SimpleITK.py", line 8876, in ReadImage
    return _SimpleITK.ReadImage(*args)
SystemError: <built-in function ReadImage> returned a result with an error set
